{
  "RSpec": {
    "coverage": {
      "/Users/markmiranda/mark_miranda/projects/poker_tournament_tracker/app/helpers/application_helper.rb": [
        1,
        null
      ],
      "/Users/markmiranda/mark_miranda/projects/poker_tournament_tracker/app/controllers/pages_controller.rb": [
        1,
        1,
        null,
        null
      ],
      "/Users/markmiranda/mark_miranda/projects/poker_tournament_tracker/app/controllers/application_controller.rb": [
        1,
        1,
        null,
        1,
        null,
        1,
        null,
        1,
        6,
        null,
        null,
        null
      ],
      "/Users/markmiranda/mark_miranda/projects/poker_tournament_tracker/app/controllers/sessions_controller.rb": [
        1,
        1,
        2,
        2,
        null,
        null
      ],
      "/Users/markmiranda/mark_miranda/projects/poker_tournament_tracker/app/controllers/users_controller.rb": [
        1,
        1,
        null,
        null,
        1,
        null,
        null,
        1,
        2,
        2,
        2,
        2,
        2,
        null,
        0,
        0,
        null,
        null,
        null,
        1,
        null,
        1,
        4,
        null,
        null
      ],
      "/Users/markmiranda/mark_miranda/projects/poker_tournament_tracker/app/models/user.rb": [
        1,
        1,
        null,
        1,
        4,
        null,
        null
      ],
      "/Users/markmiranda/mark_miranda/projects/poker_tournament_tracker/app/models/application_record.rb": [
        1,
        1,
        null
      ],
      "/Users/markmiranda/mark_miranda/projects/poker_tournament_tracker/app/channels/application_cable/channel.rb": [
        0,
        0,
        0,
        0
      ],
      "/Users/markmiranda/mark_miranda/projects/poker_tournament_tracker/app/channels/application_cable/connection.rb": [
        0,
        0,
        0,
        0
      ],
      "/Users/markmiranda/mark_miranda/projects/poker_tournament_tracker/app/jobs/application_job.rb": [
        0,
        0
      ],
      "/Users/markmiranda/mark_miranda/projects/poker_tournament_tracker/app/mailers/application_mailer.rb": [
        0,
        0,
        0,
        0
      ]
    },
    "timestamp": 1485579373
  }
}
